08/02/2024 04:41PM 13 Seconds - WARNING: Retrying (Retry(total=2, connect=None, read=None, redirect=None, status=None)) after connection broken by 'ConnectionResetError(10054, 'An existing connection was forcibly closed by the remote host', None, 10054, None)': /session/b46a101220d1847a0c2c6064dabcb1f6
08/02/2024 04:41PM 17 Seconds - WARNING: Retrying (Retry(total=1, connect=None, read=None, redirect=None, status=None)) after connection broken by 'NewConnectionError('<urllib3.connection.HTTPConnection object at 0x0000028A0D5D13A0>: Failed to establish a new connection: [WinError 10061] No connection could be made because the target machine actively refused it')': /session/b46a101220d1847a0c2c6064dabcb1f6
08/02/2024 04:41PM 21 Seconds - WARNING: Retrying (Retry(total=0, connect=None, read=None, redirect=None, status=None)) after connection broken by 'NewConnectionError('<urllib3.connection.HTTPConnection object at 0x0000028A0D5D1430>: Failed to establish a new connection: [WinError 10061] No connection could be made because the target machine actively refused it')': /session/b46a101220d1847a0c2c6064dabcb1f6
08/02/2024 05:50PM 39 Seconds - WARNING: Retrying (Retry(total=2, connect=None, read=None, redirect=None, status=None)) after connection broken by 'ConnectionResetError(10054, 'An existing connection was forcibly closed by the remote host', None, 10054, None)': /session/8364e130a6929a0fed49458a9f1b0ac4
08/02/2024 05:50PM 44 Seconds - WARNING: Retrying (Retry(total=1, connect=None, read=None, redirect=None, status=None)) after connection broken by 'NewConnectionError('<urllib3.connection.HTTPConnection object at 0x000001E00BB99190>: Failed to establish a new connection: [WinError 10061] No connection could be made because the target machine actively refused it')': /session/8364e130a6929a0fed49458a9f1b0ac4
08/02/2024 05:50PM 48 Seconds - WARNING: Retrying (Retry(total=0, connect=None, read=None, redirect=None, status=None)) after connection broken by 'NewConnectionError('<urllib3.connection.HTTPConnection object at 0x000001E00D198140>: Failed to establish a new connection: [WinError 10061] No connection could be made because the target machine actively refused it')': /session/8364e130a6929a0fed49458a9f1b0ac4
08/02/2024 06:28PM 46 Seconds - WARNING: Retrying (Retry(total=2, connect=None, read=None, redirect=None, status=None)) after connection broken by 'ConnectionResetError(10054, 'An existing connection was forcibly closed by the remote host', None, 10054, None)': /session/f7bb42fa9528d83fbb8fc84655d6288b
08/02/2024 06:28PM 50 Seconds - WARNING: Retrying (Retry(total=1, connect=None, read=None, redirect=None, status=None)) after connection broken by 'NewConnectionError('<urllib3.connection.HTTPConnection object at 0x000002BD92873C50>: Failed to establish a new connection: [WinError 10061] No connection could be made because the target machine actively refused it')': /session/f7bb42fa9528d83fbb8fc84655d6288b
08/02/2024 06:28PM 54 Seconds - WARNING: Retrying (Retry(total=0, connect=None, read=None, redirect=None, status=None)) after connection broken by 'NewConnectionError('<urllib3.connection.HTTPConnection object at 0x000002BD92873CE0>: Failed to establish a new connection: [WinError 10061] No connection could be made because the target machine actively refused it')': /session/f7bb42fa9528d83fbb8fc84655d6288b
08/02/2024 06:31PM 26 Seconds - WARNING: Retrying (Retry(total=2, connect=None, read=None, redirect=None, status=None)) after connection broken by 'ConnectionResetError(10054, 'An existing connection was forcibly closed by the remote host', None, 10054, None)': /session/0cdf4c9a8dbc51f6e6ddc4e86f65d6d0
08/02/2024 06:31PM 30 Seconds - WARNING: Retrying (Retry(total=1, connect=None, read=None, redirect=None, status=None)) after connection broken by 'NewConnectionError('<urllib3.connection.HTTPConnection object at 0x00000226982F8740>: Failed to establish a new connection: [WinError 10061] No connection could be made because the target machine actively refused it')': /session/0cdf4c9a8dbc51f6e6ddc4e86f65d6d0
08/02/2024 06:31PM 35 Seconds - WARNING: Retrying (Retry(total=0, connect=None, read=None, redirect=None, status=None)) after connection broken by 'NewConnectionError('<urllib3.connection.HTTPConnection object at 0x000002269E2BE3F0>: Failed to establish a new connection: [WinError 10061] No connection could be made because the target machine actively refused it')': /session/0cdf4c9a8dbc51f6e6ddc4e86f65d6d0
08/02/2024 06:33PM 39 Seconds - WARNING: Retrying (Retry(total=2, connect=None, read=None, redirect=None, status=None)) after connection broken by 'ConnectionResetError(10054, 'An existing connection was forcibly closed by the remote host', None, 10054, None)': /session/f4d19b69ab784933dbf2801a5f469fe6
08/02/2024 06:33PM 43 Seconds - WARNING: Retrying (Retry(total=1, connect=None, read=None, redirect=None, status=None)) after connection broken by 'NewConnectionError('<urllib3.connection.HTTPConnection object at 0x0000019641DA79B0>: Failed to establish a new connection: [WinError 10061] No connection could be made because the target machine actively refused it')': /session/f4d19b69ab784933dbf2801a5f469fe6
08/02/2024 06:33PM 47 Seconds - WARNING: Retrying (Retry(total=0, connect=None, read=None, redirect=None, status=None)) after connection broken by 'NewConnectionError('<urllib3.connection.HTTPConnection object at 0x0000019643C711F0>: Failed to establish a new connection: [WinError 10061] No connection could be made because the target machine actively refused it')': /session/f4d19b69ab784933dbf2801a5f469fe6
08/02/2024 06:35PM 14 Seconds - WARNING: Retrying (Retry(total=2, connect=None, read=None, redirect=None, status=None)) after connection broken by 'ConnectionResetError(10054, 'An existing connection was forcibly closed by the remote host', None, 10054, None)': /session/6e4daec1f9dfc67b14f94bac3a966e26
08/02/2024 06:35PM 18 Seconds - WARNING: Retrying (Retry(total=1, connect=None, read=None, redirect=None, status=None)) after connection broken by 'NewConnectionError('<urllib3.connection.HTTPConnection object at 0x00000281021C9610>: Failed to establish a new connection: [WinError 10061] No connection could be made because the target machine actively refused it')': /session/6e4daec1f9dfc67b14f94bac3a966e26
08/02/2024 06:35PM 22 Seconds - WARNING: Retrying (Retry(total=0, connect=None, read=None, redirect=None, status=None)) after connection broken by 'NewConnectionError('<urllib3.connection.HTTPConnection object at 0x00000281021C96D0>: Failed to establish a new connection: [WinError 10061] No connection could be made because the target machine actively refused it')': /session/6e4daec1f9dfc67b14f94bac3a966e26
08/02/2024 08:59PM 23 Seconds - WARNING: Retrying (Retry(total=2, connect=None, read=None, redirect=None, status=None)) after connection broken by 'ConnectionResetError(10054, 'An existing connection was forcibly closed by the remote host', None, 10054, None)': /session/4aa843305482f17e74d91a662f67939c
08/02/2024 08:59PM 27 Seconds - WARNING: Retrying (Retry(total=1, connect=None, read=None, redirect=None, status=None)) after connection broken by 'NewConnectionError('<urllib3.connection.HTTPConnection object at 0x000001CF99AD07A0>: Failed to establish a new connection: [WinError 10061] No connection could be made because the target machine actively refused it')': /session/4aa843305482f17e74d91a662f67939c
08/02/2024 08:59PM 31 Seconds - WARNING: Retrying (Retry(total=0, connect=None, read=None, redirect=None, status=None)) after connection broken by 'NewConnectionError('<urllib3.connection.HTTPConnection object at 0x000001CF9B004E60>: Failed to establish a new connection: [WinError 10061] No connection could be made because the target machine actively refused it')': /session/4aa843305482f17e74d91a662f67939c
08/02/2024 09:01PM 54 Seconds - WARNING: Retrying (Retry(total=2, connect=None, read=None, redirect=None, status=None)) after connection broken by 'NewConnectionError('<urllib3.connection.HTTPConnection object at 0x000001E31DD004D0>: Failed to establish a new connection: [WinError 10061] No connection could be made because the target machine actively refused it')': /session/5c7462f5bf8ba7e838781e47aecf3b56
08/02/2024 09:01PM 59 Seconds - WARNING: Retrying (Retry(total=1, connect=None, read=None, redirect=None, status=None)) after connection broken by 'NewConnectionError('<urllib3.connection.HTTPConnection object at 0x000001E31DD00620>: Failed to establish a new connection: [WinError 10061] No connection could be made because the target machine actively refused it')': /session/5c7462f5bf8ba7e838781e47aecf3b56
08/02/2024 09:02PM 03 Seconds - WARNING: Retrying (Retry(total=0, connect=None, read=None, redirect=None, status=None)) after connection broken by 'NewConnectionError('<urllib3.connection.HTTPConnection object at 0x000001E31DD007A0>: Failed to establish a new connection: [WinError 10061] No connection could be made because the target machine actively refused it')': /session/5c7462f5bf8ba7e838781e47aecf3b56
08/02/2024 09:04PM 15 Seconds - WARNING: Retrying (Retry(total=2, connect=None, read=None, redirect=None, status=None)) after connection broken by 'NewConnectionError('<urllib3.connection.HTTPConnection object at 0x0000027E929290D0>: Failed to establish a new connection: [WinError 10061] No connection could be made because the target machine actively refused it')': /session/aa855e20ad44ba4c69ee12b0586711c0
08/02/2024 09:04PM 19 Seconds - WARNING: Retrying (Retry(total=1, connect=None, read=None, redirect=None, status=None)) after connection broken by 'NewConnectionError('<urllib3.connection.HTTPConnection object at 0x0000027E92929190>: Failed to establish a new connection: [WinError 10061] No connection could be made because the target machine actively refused it')': /session/aa855e20ad44ba4c69ee12b0586711c0
08/02/2024 09:04PM 23 Seconds - WARNING: Retrying (Retry(total=0, connect=None, read=None, redirect=None, status=None)) after connection broken by 'NewConnectionError('<urllib3.connection.HTTPConnection object at 0x0000027E92929370>: Failed to establish a new connection: [WinError 10061] No connection could be made because the target machine actively refused it')': /session/aa855e20ad44ba4c69ee12b0586711c0
08/02/2024 09:08PM 45 Seconds - WARNING: Retrying (Retry(total=2, connect=None, read=None, redirect=None, status=None)) after connection broken by 'NewConnectionError('<urllib3.connection.HTTPConnection object at 0x000001AA358C90A0>: Failed to establish a new connection: [WinError 10061] No connection could be made because the target machine actively refused it')': /session/94674efaf422b1259ac695e38c2703ce
08/02/2024 09:08PM 49 Seconds - WARNING: Retrying (Retry(total=1, connect=None, read=None, redirect=None, status=None)) after connection broken by 'NewConnectionError('<urllib3.connection.HTTPConnection object at 0x000001AA358C9160>: Failed to establish a new connection: [WinError 10061] No connection could be made because the target machine actively refused it')': /session/94674efaf422b1259ac695e38c2703ce
08/02/2024 09:08PM 53 Seconds - WARNING: Retrying (Retry(total=0, connect=None, read=None, redirect=None, status=None)) after connection broken by 'NewConnectionError('<urllib3.connection.HTTPConnection object at 0x000001AA358C9340>: Failed to establish a new connection: [WinError 10061] No connection could be made because the target machine actively refused it')': /session/94674efaf422b1259ac695e38c2703ce
08/02/2024 09:13PM 15 Seconds - WARNING: Retrying (Retry(total=2, connect=None, read=None, redirect=None, status=None)) after connection broken by 'NewConnectionError('<urllib3.connection.HTTPConnection object at 0x0000016012B204A0>: Failed to establish a new connection: [WinError 10061] No connection could be made because the target machine actively refused it')': /session/6bab0b6ee9d5c1578366c6c8c7b287e1
08/02/2024 09:13PM 19 Seconds - WARNING: Retrying (Retry(total=1, connect=None, read=None, redirect=None, status=None)) after connection broken by 'NewConnectionError('<urllib3.connection.HTTPConnection object at 0x00000160102338C0>: Failed to establish a new connection: [WinError 10061] No connection could be made because the target machine actively refused it')': /session/6bab0b6ee9d5c1578366c6c8c7b287e1
08/02/2024 09:13PM 23 Seconds - WARNING: Retrying (Retry(total=0, connect=None, read=None, redirect=None, status=None)) after connection broken by 'NewConnectionError('<urllib3.connection.HTTPConnection object at 0x0000016012B206E0>: Failed to establish a new connection: [WinError 10061] No connection could be made because the target machine actively refused it')': /session/6bab0b6ee9d5c1578366c6c8c7b287e1
08/02/2024 09:16PM 58 Seconds - WARNING: Retrying (Retry(total=2, connect=None, read=None, redirect=None, status=None)) after connection broken by 'NewConnectionError('<urllib3.connection.HTTPConnection object at 0x000002B93D6E92E0>: Failed to establish a new connection: [WinError 10061] No connection could be made because the target machine actively refused it')': /session/17ee443614409ddd6fd47e435131345e
08/02/2024 09:17PM 02 Seconds - WARNING: Retrying (Retry(total=1, connect=None, read=None, redirect=None, status=None)) after connection broken by 'NewConnectionError('<urllib3.connection.HTTPConnection object at 0x000002B93D6E9430>: Failed to establish a new connection: [WinError 10061] No connection could be made because the target machine actively refused it')': /session/17ee443614409ddd6fd47e435131345e
08/02/2024 09:17PM 06 Seconds - WARNING: Retrying (Retry(total=0, connect=None, read=None, redirect=None, status=None)) after connection broken by 'NewConnectionError('<urllib3.connection.HTTPConnection object at 0x000002B93D6E95B0>: Failed to establish a new connection: [WinError 10061] No connection could be made because the target machine actively refused it')': /session/17ee443614409ddd6fd47e435131345e
08/02/2024 09:18PM 35 Seconds - WARNING: Retrying (Retry(total=2, connect=None, read=None, redirect=None, status=None)) after connection broken by 'NewConnectionError('<urllib3.connection.HTTPConnection object at 0x000002F010038DD0>: Failed to establish a new connection: [WinError 10061] No connection could be made because the target machine actively refused it')': /session/c2bfcdbfabfc776a770686a826968db0
08/02/2024 09:18PM 39 Seconds - WARNING: Retrying (Retry(total=1, connect=None, read=None, redirect=None, status=None)) after connection broken by 'NewConnectionError('<urllib3.connection.HTTPConnection object at 0x000002F00E1B8110>: Failed to establish a new connection: [WinError 10061] No connection could be made because the target machine actively refused it')': /session/c2bfcdbfabfc776a770686a826968db0
08/02/2024 09:18PM 43 Seconds - WARNING: Retrying (Retry(total=0, connect=None, read=None, redirect=None, status=None)) after connection broken by 'NewConnectionError('<urllib3.connection.HTTPConnection object at 0x000002F010038FE0>: Failed to establish a new connection: [WinError 10061] No connection could be made because the target machine actively refused it')': /session/c2bfcdbfabfc776a770686a826968db0
08/02/2024 09:34PM 50 Seconds - WARNING: Retrying (Retry(total=2, connect=None, read=None, redirect=None, status=None)) after connection broken by 'ConnectionResetError(10054, 'An existing connection was forcibly closed by the remote host', None, 10054, None)': /session/35285c30130e7fc7d71b9b99c4222599
08/02/2024 09:34PM 55 Seconds - WARNING: Retrying (Retry(total=1, connect=None, read=None, redirect=None, status=None)) after connection broken by 'NewConnectionError('<urllib3.connection.HTTPConnection object at 0x00000201F2216E40>: Failed to establish a new connection: [WinError 10061] No connection could be made because the target machine actively refused it')': /session/35285c30130e7fc7d71b9b99c4222599
08/02/2024 09:34PM 59 Seconds - WARNING: Retrying (Retry(total=0, connect=None, read=None, redirect=None, status=None)) after connection broken by 'NewConnectionError('<urllib3.connection.HTTPConnection object at 0x00000201F409C9E0>: Failed to establish a new connection: [WinError 10061] No connection could be made because the target machine actively refused it')': /session/35285c30130e7fc7d71b9b99c4222599
08/03/2024 09:42PM 16 Seconds - WARNING: Retrying (Retry(total=2, connect=None, read=None, redirect=None, status=None)) after connection broken by 'NewConnectionError('<urllib3.connection.HTTPConnection object at 0x000002AC54678860>: Failed to establish a new connection: [WinError 10061] No connection could be made because the target machine actively refused it')': /session/1788a4b59f99626400afbe22f4e92f9e
08/03/2024 09:42PM 20 Seconds - WARNING: Retrying (Retry(total=1, connect=None, read=None, redirect=None, status=None)) after connection broken by 'NewConnectionError('<urllib3.connection.HTTPConnection object at 0x000002AC52531D60>: Failed to establish a new connection: [WinError 10061] No connection could be made because the target machine actively refused it')': /session/1788a4b59f99626400afbe22f4e92f9e
08/03/2024 09:42PM 24 Seconds - WARNING: Retrying (Retry(total=0, connect=None, read=None, redirect=None, status=None)) after connection broken by 'NewConnectionError('<urllib3.connection.HTTPConnection object at 0x000002AC54678AA0>: Failed to establish a new connection: [WinError 10061] No connection could be made because the target machine actively refused it')': /session/1788a4b59f99626400afbe22f4e92f9e
08/03/2024 09:46PM 28 Seconds - WARNING: Retrying (Retry(total=2, connect=None, read=None, redirect=None, status=None)) after connection broken by 'NewConnectionError('<urllib3.connection.HTTPConnection object at 0x000001C09B214CB0>: Failed to establish a new connection: [WinError 10061] No connection could be made because the target machine actively refused it')': /session/a6a0805a8bb51b905a9a6ef7d53065b7
08/03/2024 09:46PM 32 Seconds - WARNING: Retrying (Retry(total=1, connect=None, read=None, redirect=None, status=None)) after connection broken by 'NewConnectionError('<urllib3.connection.HTTPConnection object at 0x000001C09B214E00>: Failed to establish a new connection: [WinError 10061] No connection could be made because the target machine actively refused it')': /session/a6a0805a8bb51b905a9a6ef7d53065b7
08/03/2024 09:46PM 36 Seconds - WARNING: Retrying (Retry(total=0, connect=None, read=None, redirect=None, status=None)) after connection broken by 'NewConnectionError('<urllib3.connection.HTTPConnection object at 0x000001C09B214F20>: Failed to establish a new connection: [WinError 10061] No connection could be made because the target machine actively refused it')': /session/a6a0805a8bb51b905a9a6ef7d53065b7
08/03/2024 09:48PM 09 Seconds - WARNING: Retrying (Retry(total=2, connect=None, read=None, redirect=None, status=None)) after connection broken by 'NewConnectionError('<urllib3.connection.HTTPConnection object at 0x000001FCBDC94CB0>: Failed to establish a new connection: [WinError 10061] No connection could be made because the target machine actively refused it')': /session/6c0b583488aa0365b3259fba9cd91e76
08/03/2024 09:48PM 13 Seconds - WARNING: Retrying (Retry(total=1, connect=None, read=None, redirect=None, status=None)) after connection broken by 'NewConnectionError('<urllib3.connection.HTTPConnection object at 0x000001FCBA2D3AA0>: Failed to establish a new connection: [WinError 10061] No connection could be made because the target machine actively refused it')': /session/6c0b583488aa0365b3259fba9cd91e76
08/03/2024 09:48PM 17 Seconds - WARNING: Retrying (Retry(total=0, connect=None, read=None, redirect=None, status=None)) after connection broken by 'NewConnectionError('<urllib3.connection.HTTPConnection object at 0x000001FCBDC94F50>: Failed to establish a new connection: [WinError 10061] No connection could be made because the target machine actively refused it')': /session/6c0b583488aa0365b3259fba9cd91e76
08/04/2024 01:56PM 51 Seconds - WARNING: Retrying (Retry(total=2, connect=None, read=None, redirect=None, status=None)) after connection broken by 'NewConnectionError('<urllib3.connection.HTTPConnection object at 0x0000023F3B420110>: Failed to establish a new connection: [WinError 10061] No connection could be made because the target machine actively refused it')': /session/ed84b1c2d9196ba1c4aec02d6c0d7d19
08/04/2024 01:56PM 55 Seconds - WARNING: Retrying (Retry(total=1, connect=None, read=None, redirect=None, status=None)) after connection broken by 'NewConnectionError('<urllib3.connection.HTTPConnection object at 0x0000023F3C5937A0>: Failed to establish a new connection: [WinError 10061] No connection could be made because the target machine actively refused it')': /session/ed84b1c2d9196ba1c4aec02d6c0d7d19
08/04/2024 01:56PM 59 Seconds - WARNING: Retrying (Retry(total=0, connect=None, read=None, redirect=None, status=None)) after connection broken by 'NewConnectionError('<urllib3.connection.HTTPConnection object at 0x0000023F3B4204D0>: Failed to establish a new connection: [WinError 10061] No connection could be made because the target machine actively refused it')': /session/ed84b1c2d9196ba1c4aec02d6c0d7d19
08/04/2024 01:58PM 38 Seconds - WARNING: Retrying (Retry(total=2, connect=None, read=None, redirect=None, status=None)) after connection broken by 'ConnectionResetError(10054, 'An existing connection was forcibly closed by the remote host', None, 10054, None)': /session/7a1cbaea89c3441073c985b4b633bcef
08/04/2024 01:58PM 42 Seconds - WARNING: Retrying (Retry(total=1, connect=None, read=None, redirect=None, status=None)) after connection broken by 'NewConnectionError('<urllib3.connection.HTTPConnection object at 0x0000016A095B90D0>: Failed to establish a new connection: [WinError 10061] No connection could be made because the target machine actively refused it')': /session/7a1cbaea89c3441073c985b4b633bcef
08/04/2024 01:58PM 46 Seconds - WARNING: Retrying (Retry(total=0, connect=None, read=None, redirect=None, status=None)) after connection broken by 'NewConnectionError('<urllib3.connection.HTTPConnection object at 0x0000016A08EA45C0>: Failed to establish a new connection: [WinError 10061] No connection could be made because the target machine actively refused it')': /session/7a1cbaea89c3441073c985b4b633bcef
08/05/2024 08:22PM 52 Seconds - WARNING: Retrying (Retry(total=2, connect=None, read=None, redirect=None, status=None)) after connection broken by 'ConnectionResetError(10054, 'An existing connection was forcibly closed by the remote host', None, 10054, None)': /session/974af412a37d52a7340ec0eecc4bf868
08/05/2024 08:22PM 56 Seconds - WARNING: Retrying (Retry(total=1, connect=None, read=None, redirect=None, status=None)) after connection broken by 'NewConnectionError('<urllib3.connection.HTTPConnection object at 0x000001B2DE39F9E0>: Failed to establish a new connection: [WinError 10061] No connection could be made because the target machine actively refused it')': /session/974af412a37d52a7340ec0eecc4bf868
08/05/2024 08:23PM 00 Seconds - WARNING: Retrying (Retry(total=0, connect=None, read=None, redirect=None, status=None)) after connection broken by 'NewConnectionError('<urllib3.connection.HTTPConnection object at 0x000001B2DE51B260>: Failed to establish a new connection: [WinError 10061] No connection could be made because the target machine actively refused it')': /session/974af412a37d52a7340ec0eecc4bf868
08/05/2024 08:42PM 40 Seconds - WARNING: Retrying (Retry(total=2, connect=None, read=None, redirect=None, status=None)) after connection broken by 'NewConnectionError('<urllib3.connection.HTTPConnection object at 0x00000121BA7625A0>: Failed to establish a new connection: [WinError 10061] No connection could be made because the target machine actively refused it')': /session/77ed55b75b607e56c6fc341937dbbed0
08/05/2024 08:42PM 44 Seconds - WARNING: Retrying (Retry(total=1, connect=None, read=None, redirect=None, status=None)) after connection broken by 'NewConnectionError('<urllib3.connection.HTTPConnection object at 0x00000121B90AD610>: Failed to establish a new connection: [WinError 10061] No connection could be made because the target machine actively refused it')': /session/77ed55b75b607e56c6fc341937dbbed0
08/05/2024 08:42PM 48 Seconds - WARNING: Retrying (Retry(total=0, connect=None, read=None, redirect=None, status=None)) after connection broken by 'NewConnectionError('<urllib3.connection.HTTPConnection object at 0x00000121BA7629F0>: Failed to establish a new connection: [WinError 10061] No connection could be made because the target machine actively refused it')': /session/77ed55b75b607e56c6fc341937dbbed0
08/05/2024 09:00PM 02 Seconds - ERROR: TimeoutException/WebDriverException at URL: https://estore.st.com/en/stm32f103vct6-cpn.html with error: Message: 
Stacktrace:
	GetHandleVerifier [0x00007FF768599632+30946]
	(No symbol) [0x00007FF76854E3C9]
	(No symbol) [0x00007FF768446FDA]
	(No symbol) [0x00007FF76849822C]
	(No symbol) [0x00007FF76849850C]
	(No symbol) [0x00007FF7684DDCB7]
	(No symbol) [0x00007FF7684BCAAF]
	(No symbol) [0x00007FF7684DB041]
	(No symbol) [0x00007FF7684BC813]
	(No symbol) [0x00007FF76848A6E5]
	(No symbol) [0x00007FF76848B021]
	GetHandleVerifier [0x00007FF7686CF83D+1301229]
	GetHandleVerifier [0x00007FF7686DBDB7+1351783]
	GetHandleVerifier [0x00007FF7686D2A03+1313971]
	GetHandleVerifier [0x00007FF7685CDD06+245686]
	(No symbol) [0x00007FF76855758F]
	(No symbol) [0x00007FF768553804]
	(No symbol) [0x00007FF768553992]
	(No symbol) [0x00007FF76854A3EF]
	BaseThreadInitThunk [0x00007FF99579257D+29]
	RtlUserThreadStart [0x00007FF99666AF28+40]

08/05/2024 09:00PM 29 Seconds - ERROR: TimeoutException/WebDriverException at URL: https://estore.st.com/en/stm32f103rct6-cpn.html with error: Message: 
Stacktrace:
	GetHandleVerifier [0x00007FF768599632+30946]
	(No symbol) [0x00007FF76854E3C9]
	(No symbol) [0x00007FF768446FDA]
	(No symbol) [0x00007FF76849822C]
	(No symbol) [0x00007FF76849850C]
	(No symbol) [0x00007FF7684DDCB7]
	(No symbol) [0x00007FF7684BCAAF]
	(No symbol) [0x00007FF7684DB041]
	(No symbol) [0x00007FF7684BC813]
	(No symbol) [0x00007FF76848A6E5]
	(No symbol) [0x00007FF76848B021]
	GetHandleVerifier [0x00007FF7686CF83D+1301229]
	GetHandleVerifier [0x00007FF7686DBDB7+1351783]
	GetHandleVerifier [0x00007FF7686D2A03+1313971]
	GetHandleVerifier [0x00007FF7685CDD06+245686]
	(No symbol) [0x00007FF76855758F]
	(No symbol) [0x00007FF768553804]
	(No symbol) [0x00007FF768553992]
	(No symbol) [0x00007FF76854A3EF]
	BaseThreadInitThunk [0x00007FF99579257D+29]
	RtlUserThreadStart [0x00007FF99666AF28+40]

08/05/2024 09:00PM 47 Seconds - WARNING: Retrying (Retry(total=2, connect=None, read=None, redirect=None, status=None)) after connection broken by 'NewConnectionError('<urllib3.connection.HTTPConnection object at 0x0000020A7138C8C0>: Failed to establish a new connection: [WinError 10061] No connection could be made because the target machine actively refused it')': /session/49f3f1c7f3fbeac47386263afd6b4de9
08/05/2024 09:00PM 51 Seconds - WARNING: Retrying (Retry(total=1, connect=None, read=None, redirect=None, status=None)) after connection broken by 'NewConnectionError('<urllib3.connection.HTTPConnection object at 0x0000020A7138CA40>: Failed to establish a new connection: [WinError 10061] No connection could be made because the target machine actively refused it')': /session/49f3f1c7f3fbeac47386263afd6b4de9
08/05/2024 09:00PM 55 Seconds - WARNING: Retrying (Retry(total=0, connect=None, read=None, redirect=None, status=None)) after connection broken by 'NewConnectionError('<urllib3.connection.HTTPConnection object at 0x0000020A7138CBF0>: Failed to establish a new connection: [WinError 10061] No connection could be made because the target machine actively refused it')': /session/49f3f1c7f3fbeac47386263afd6b4de9
08/05/2024 09:02PM 27 Seconds - ERROR: TimeoutException/WebDriverException at URL: https://estore.st.com/en/stm32f103vct6-cpn.html with error: Message: 
Stacktrace:
	GetHandleVerifier [0x00007FF6556F9632+30946]
	(No symbol) [0x00007FF6556AE3C9]
	(No symbol) [0x00007FF6555A6FDA]
	(No symbol) [0x00007FF6555F822C]
	(No symbol) [0x00007FF6555F850C]
	(No symbol) [0x00007FF65563DCB7]
	(No symbol) [0x00007FF65561CAAF]
	(No symbol) [0x00007FF65563B041]
	(No symbol) [0x00007FF65561C813]
	(No symbol) [0x00007FF6555EA6E5]
	(No symbol) [0x00007FF6555EB021]
	GetHandleVerifier [0x00007FF65582F83D+1301229]
	GetHandleVerifier [0x00007FF65583BDB7+1351783]
	GetHandleVerifier [0x00007FF655832A03+1313971]
	GetHandleVerifier [0x00007FF65572DD06+245686]
	(No symbol) [0x00007FF6556B758F]
	(No symbol) [0x00007FF6556B3804]
	(No symbol) [0x00007FF6556B3992]
	(No symbol) [0x00007FF6556AA3EF]
	BaseThreadInitThunk [0x00007FF99579257D+29]
	RtlUserThreadStart [0x00007FF99666AF28+40]

08/05/2024 09:02PM 49 Seconds - WARNING: Retrying (Retry(total=2, connect=None, read=None, redirect=None, status=None)) after connection broken by 'NewConnectionError('<urllib3.connection.HTTPConnection object at 0x000002219AD10350>: Failed to establish a new connection: [WinError 10061] No connection could be made because the target machine actively refused it')': /session/bac2044f3a362eb84fe82e51f03c1ced/url
08/05/2024 09:02PM 53 Seconds - WARNING: Retrying (Retry(total=1, connect=None, read=None, redirect=None, status=None)) after connection broken by 'NewConnectionError('<urllib3.connection.HTTPConnection object at 0x000002219AD104A0>: Failed to establish a new connection: [WinError 10061] No connection could be made because the target machine actively refused it')': /session/bac2044f3a362eb84fe82e51f03c1ced/url
08/05/2024 09:02PM 58 Seconds - WARNING: Retrying (Retry(total=0, connect=None, read=None, redirect=None, status=None)) after connection broken by 'NewConnectionError('<urllib3.connection.HTTPConnection object at 0x000002219AD103E0>: Failed to establish a new connection: [WinError 10061] No connection could be made because the target machine actively refused it')': /session/bac2044f3a362eb84fe82e51f03c1ced/url
08/05/2024 09:03PM 06 Seconds - WARNING: Retrying (Retry(total=2, connect=None, read=None, redirect=None, status=None)) after connection broken by 'NewConnectionError('<urllib3.connection.HTTPConnection object at 0x000002219AD10A40>: Failed to establish a new connection: [WinError 10061] No connection could be made because the target machine actively refused it')': /session/bac2044f3a362eb84fe82e51f03c1ced
08/05/2024 09:03PM 10 Seconds - WARNING: Retrying (Retry(total=1, connect=None, read=None, redirect=None, status=None)) after connection broken by 'NewConnectionError('<urllib3.connection.HTTPConnection object at 0x000002219AD10C20>: Failed to establish a new connection: [WinError 10061] No connection could be made because the target machine actively refused it')': /session/bac2044f3a362eb84fe82e51f03c1ced
08/05/2024 09:03PM 14 Seconds - WARNING: Retrying (Retry(total=0, connect=None, read=None, redirect=None, status=None)) after connection broken by 'NewConnectionError('<urllib3.connection.HTTPConnection object at 0x000002219AD10DD0>: Failed to establish a new connection: [WinError 10061] No connection could be made because the target machine actively refused it')': /session/bac2044f3a362eb84fe82e51f03c1ced
08/05/2024 09:48PM 13 Seconds - WARNING: Retrying (Retry(total=2, connect=None, read=None, redirect=None, status=None)) after connection broken by 'NewConnectionError('<urllib3.connection.HTTPConnection object at 0x0000023DDE312E40>: Failed to establish a new connection: [WinError 10061] No connection could be made because the target machine actively refused it')': /session/1dcbaddde97069b5b56b6eed36c86adf
08/05/2024 09:48PM 17 Seconds - WARNING: Retrying (Retry(total=1, connect=None, read=None, redirect=None, status=None)) after connection broken by 'NewConnectionError('<urllib3.connection.HTTPConnection object at 0x0000023DD9B25B20>: Failed to establish a new connection: [WinError 10061] No connection could be made because the target machine actively refused it')': /session/1dcbaddde97069b5b56b6eed36c86adf
08/05/2024 09:48PM 21 Seconds - WARNING: Retrying (Retry(total=0, connect=None, read=None, redirect=None, status=None)) after connection broken by 'NewConnectionError('<urllib3.connection.HTTPConnection object at 0x0000023DDE313050>: Failed to establish a new connection: [WinError 10061] No connection could be made because the target machine actively refused it')': /session/1dcbaddde97069b5b56b6eed36c86adf
08/05/2024 09:57PM 34 Seconds - WARNING: Retrying (Retry(total=2, connect=None, read=None, redirect=None, status=None)) after connection broken by 'NewConnectionError('<urllib3.connection.HTTPConnection object at 0x000002B6C15AFE60>: Failed to establish a new connection: [WinError 10061] No connection could be made because the target machine actively refused it')': /session/df66c134c9956c9c31fbf19b57866cb7
08/05/2024 09:57PM 38 Seconds - WARNING: Retrying (Retry(total=1, connect=None, read=None, redirect=None, status=None)) after connection broken by 'NewConnectionError('<urllib3.connection.HTTPConnection object at 0x000002B6C15AFF80>: Failed to establish a new connection: [WinError 10061] No connection could be made because the target machine actively refused it')': /session/df66c134c9956c9c31fbf19b57866cb7
08/05/2024 09:57PM 42 Seconds - WARNING: Retrying (Retry(total=0, connect=None, read=None, redirect=None, status=None)) after connection broken by 'NewConnectionError('<urllib3.connection.HTTPConnection object at 0x000002B6C1564140>: Failed to establish a new connection: [WinError 10061] No connection could be made because the target machine actively refused it')': /session/df66c134c9956c9c31fbf19b57866cb7
08/11/2024 03:31PM 21 Seconds - WARNING: Retrying (Retry(total=2, connect=None, read=None, redirect=None, status=None)) after connection broken by 'NewConnectionError('<urllib3.connection.HTTPConnection object at 0x0000011C47796B40>: Failed to establish a new connection: [WinError 10061] No connection could be made because the target machine actively refused it')': /session/8aa42940ede1ed1fafc28d1dc091ba83
08/11/2024 03:31PM 25 Seconds - WARNING: Retrying (Retry(total=1, connect=None, read=None, redirect=None, status=None)) after connection broken by 'NewConnectionError('<urllib3.connection.HTTPConnection object at 0x0000011C47D613D0>: Failed to establish a new connection: [WinError 10061] No connection could be made because the target machine actively refused it')': /session/8aa42940ede1ed1fafc28d1dc091ba83
08/11/2024 03:31PM 29 Seconds - WARNING: Retrying (Retry(total=0, connect=None, read=None, redirect=None, status=None)) after connection broken by 'NewConnectionError('<urllib3.connection.HTTPConnection object at 0x0000011C48B68590>: Failed to establish a new connection: [WinError 10061] No connection could be made because the target machine actively refused it')': /session/8aa42940ede1ed1fafc28d1dc091ba83
